<?xml version="1.0" encoding="UTF-8" ?>
<testsuite errors="0" failures="0" hostname="DESKTOP-LQHPCT4" name="org.me.mylib.LibClassTest" tests="1" time="0.064" timestamp="2020-09-30T12:05:22">
  <properties>
    <property name="default.javac.source" value="1.6" />
    <property name="file.encoding.pkg" value="sun.io" />
    <property name="libs.jdbcsupport-designtime.javadoc" value="" />
    <property name="libs.toplink.maven-pom" value="" />
    <property name="javac.source" value="1.5" />
    <property name="libs.exceptionhandler-runtime.maven-pom" value="" />
    <property name="netbeans.system_http_proxy" value="DIRECT" />
    <property name="java.home" value="C:\Program Files\Java\jdk1.6.0_45\jre" />
    <property name="test.src.dir" value="test" />
    <property name="libs.jaxws21.src" value="" />
    <property name="javadoc.version" value="false" />
    <property name="libs.CopyLibs.classpath" value="C:\Program Files\NetBeans 6.1\java2\ant\extra\org-netbeans-modules-java-j2seproject-copylibstask.jar" />
    <property name="libs.javac-api.src" value="" />
    <property name="libs.restlib.src" value="" />
    <property name="java.endorsed.dirs" value="C:\Program Files\Java\jdk1.6.0_45\jre\lib\endorsed" />
    <property name="libs.MySQLDriver.classpath" value="C:\Program Files\NetBeans 6.1\ide9\modules\ext\mysql-connector-java-5.1.5-bin.jar" />
    <property name="libs.junit.maven-pom" value="" />
    <property name="libs.jsf12.src" value="" />
    <property name="libs.PostgreSQLDriver.src" value="" />
    <property name="src.dir" value="src" />
    <property name="sun.java2d.noddraw" value="true" />
    <property name="nbplatform.default.harness.dir" value="C:\Program Files\NetBeans 6.1/harness" />
    <property name="debug-args-line" value="-Xdebug" />
    <property name="build.sysclasspath" value="ignore" />
    <property name="have.sources" value="true" />
    <property name="includes" value="**" />
    <property name="source.encoding" value="UTF-8" />
    <property name="libs.jaxws21.classpath" value="C:\Program Files\NetBeans 6.1\java2\modules\ext\jaxws21\activation.jar;C:\Program Files\NetBeans 6.1\java2\modules\ext\jaxws21\FastInfoset.jar;C:\Program Files\NetBeans 6.1\java2\modules\ext\jaxws21\http.jar;C:\Program Files\NetBeans 6.1\java2\modules\ext\jaxws21\api\jaxb-api.jar;C:\Program Files\NetBeans 6.1\java2\modules\ext\jaxws21\jaxb-impl.jar;C:\Program Files\NetBeans 6.1\java2\modules\ext\jaxws21\jaxb-xjc.jar;C:\Program Files\NetBeans 6.1\java2\modules\ext\jaxws21\api\jaxws-api.jar;C:\Program Files\NetBeans 6.1\java2\modules\ext\jaxws21\jaxws-rt.jar;C:\Program Files\NetBeans 6.1\java2\modules\ext\jaxws21\jaxws-tools.jar;C:\Program Files\NetBeans 6.1\java2\modules\ext\jaxws21\api\jsr173_api.jar;C:\Program Files\NetBeans 6.1\java2\modules\ext\jaxws21\api\jsr181-api.jar;C:\Program Files\NetBeans 6.1\java2\modules\ext\jaxws21\api\jsr250-api.jar;C:\Program Files\NetBeans 6.1\java2\modules\ext\jaxws21\api\saaj-api.jar;C:\Program Files\NetBeans 6.1\java2\modules\ext\jaxws21\saaj-impl.jar;C:\Program Files\NetBeans 6.1\java2\modules\ext\jaxws21\sjsxp.jar;C:\Program Files\NetBeans 6.1\java2\modules\ext\jaxws21\stax-ex.jar;C:\Program Files\NetBeans 6.1\java2\modules\ext\jaxws21\streambuffer.jar" />
    <property name="libs.swing-app-framework.javadoc" value="C:\Program Files\NetBeans 6.1\java2\docs\appframework-1.0.3-doc.zip" />
    <property name="sun.os.patch.level" value="" />
    <property name="java.vendor.url" value="http://java.sun.com/" />
    <property name="libs.restapi.src" value="" />
    <property name="libs.exceptionhandler-runtime.javadoc" value="" />
    <property name="java.version" value="1.6.0_45" />
    <property name="libs.jaxb21.javadoc" value="" />
    <property name="libs.woodstock-theme-default.classpath" value="C:\Program Files\NetBeans 6.1\visualweb2\modules\ext\webui-jsf-suntheme.jar" />
    <property name="javac.debug" value="true" />
    <property name="org.openide.major.version" value="IDE/1" />
    <property name="run.classpath" value=":build/classes" />
    <property name="libs.PostgreSQLDriver.maven-pom" value="" />
    <property name="java.vendor.url.bug" value="http://java.sun.com/cgi-bin/bugreport.cgi" />
    <property name="libs.jdbcsupport-designtime.maven-pom" value="" />
    <property name="libs.absolutelayout.javadoc" value="" />
    <property name="libs.junit_4.maven-pom" value="" />
    <property name="netbeans.buildnumber" value="200805300101" />
    <property name="libs.IdentityAntTasks.classpath" value="C:\Program Files\NetBeans 6.1\identity2\ant\nblib\org-netbeans-modules-identity-ant.jar;C:\Program Files\NetBeans 6.1\identity2\modules\org-netbeans-modules-identity-profile-api.jar" />
    <property name="libs.swing-app-framework.maven-pom" value="" />
    <property name="user.name" value="naste" />
    <property name="libs.webui.src" value="C:\Program Files\NetBeans 6.1\visualweb2\docs\webui-src.zip" />
    <property name="sun.io.unicode.encoding" value="UnicodeLittle" />
    <property name="libs.jstl11.maven-pom" value="" />
    <property name="sun.jnu.encoding" value="Cp1252" />
    <property name="java.runtime.name" value="Java(TM) SE Runtime Environment" />
    <property name="application.vendor" value="naste" />
    <property name="jdk.home" value="C:\Program Files\Java\jdk1.6.0_45" />
    <property name="jspc.classpath" value="C:\Program Files\NetBeans 6.1\java2\ant\lib\ant.jar:C:\Program Files\NetBeans 6.1\enterprise5\modules\ext\servlet2.5-jsp2.1-api.jar:${j2ee.platform.classpath}:C:\Program Files\NetBeans 6.1\enterprise5\modules\ext\glassfish-jspparser-2.0.jar:C:\Program Files\NetBeans 6.1\enterprise5\modules\ext\glassfish-logging-2.0.jar:C:\Program Files\NetBeans 6.1\ide9\modules\ext\commons-logging-1.0.4.jar:C:\Program Files\NetBeans 6.1\java2\ant\lib\ant-launcher.jar" />
    <property name="sun.awt.keepWorkingSetOnMinimize" value="true" />
    <property name="org.openide.TopManager" value="org.netbeans.core.NonGui" />
    <property name="netbeans.dirs" value="C:\Program Files\NetBeans 6.1\nb6.1;C:\Program Files\NetBeans 6.1\ide9;C:\Program Files\NetBeans 6.1\java2;C:\Program Files\NetBeans 6.1\xml2;C:\Program Files\NetBeans 6.1\apisupport1;C:\Program Files\NetBeans 6.1\enterprise5;C:\Program Files\NetBeans 6.1\profiler3;C:\Program Files\NetBeans 6.1\gsf1;C:\Program Files\NetBeans 6.1\visualweb2;C:\Program Files\NetBeans 6.1\identity2;C:\Program Files\NetBeans 6.1\harness" />
    <property name="java.specification.name" value="Java Platform API Specification" />
    <property name="javadoc.author" value="false" />
    <property name="user.timezone" value="" />
    <property name="libs.jsfsupport-runtime.classpath" value="C:\Program Files\NetBeans 6.1\visualweb2\modules\ext\jsfcl.jar;C:\Program Files\NetBeans 6.1\visualweb2\modules\ext\appbase.jar;C:\Program Files\NetBeans 6.1\visualweb2\modules\ext\dataprovider.jar;C:\Program Files\NetBeans 6.1\visualweb2\modules\ext\sqlx.jar" />
    <property name="netbeans.system_http_non_proxy_hosts" value="" />
    <property name="libs.spring-framework.maven-pom" value="" />
    <property name="libs.swing-layout.maven-pom" value="" />
    <property name="libs.junit.javadoc" value="C:\Program Files\NetBeans 6.1\java2\docs\junit-3.8.2-api.zip" />
    <property name="org.openide.specification.version" value="6.2" />
    <property name="path.separator" value=";" />
    <property name="version-output" value="java version &quot;1.6" />
    <property name="rave.build" value="thresher-fcs" />
    <property name="libs.absolutelayout.classpath" value="C:\Program Files\NetBeans 6.1\java2\modules\ext\AbsoluteLayout.jar" />
    <property name="libs.jsfsupport-designtime.src" value="C:\Program Files\NetBeans 6.1\visualweb2\docs\appbase-src.zip;C:\Program Files\NetBeans 6.1\visualweb2\docs\dataprovider-src.zip;C:\Program Files\NetBeans 6.1\visualweb2\docs\jsfcl-src.zip" />
    <property name="libs.woodstock-components.classpath" value="C:\Program Files\NetBeans 6.1\visualweb2\modules\ext\webui-jsf.jar;C:\Program Files\NetBeans 6.1\enterprise5\modules\ext\commons-fileupload-1.0.jar;C:\Program Files\NetBeans 6.1\visualweb2\modules\ext\json-2.jar;C:\Program Files\NetBeans 6.1\visualweb2\modules\ext\jsf-extensions-common-0.1.jar;C:\Program Files\NetBeans 6.1\visualweb2\modules\ext\jsf-extensions-dynamic-faces-0.1.jar" />
    <property name="libs.jsf12-support.javadoc" value="C:\Program Files\NetBeans 6.1\visualweb2\docs\appbase-doc.zip;C:\Program Files\NetBeans 6.1\visualweb2\docs\dataprovider-doc.zip;C:\Program Files\NetBeans 6.1\visualweb2\docs\jsfcl-doc.zip" />
    <property name="netbeans.accept_license_class" value="org.netbeans.license.AcceptLicense" />
    <property name="file.encoding" value="Cp1252" />
    <property name="dist.javadoc.dir" value="dist/javadoc" />
    <property name="libs.jsf12-support.src" value="C:\Program Files\NetBeans 6.1\visualweb2\docs\appbase-src.zip;C:\Program Files\NetBeans 6.1\visualweb2\docs\dataprovider-src.zip;C:\Program Files\NetBeans 6.1\visualweb2\docs\jsfcl-src.zip" />
    <property name="sun.java.command" value="org.apache.tools.ant.taskdefs.optional.junit.JUnitTestRunner org.me.mylib.LibClassTest filtertrace=true haltOnError=false haltOnFailure=false showoutput=true outputtoformatters=true logtestlistenerevents=true formatter=org.apache.tools.ant.taskdefs.optional.junit.BriefJUnitResultFormatter formatter=org.apache.tools.ant.taskdefs.optional.junit.XMLJUnitResultFormatter,C:\Users\naste\Documents\NetBeans_projects\MyLib\build\test\results\TEST-org.me.mylib.LibClassTest.xml crashfile=C:\Users\naste\Documents\NetBeans_projects\MyLib\junitvmwatcher1349066623.properties propsfile=C:\Users\naste\Documents\NetBeans_projects\MyLib\junit1143867782.properties" />
    <property name="https.nonProxyHosts" value="localhost|127.0.0.1|DESKTOP-LQHPCT4" />
    <property name="libs.junit.src" value="" />
    <property name="libs.jaxb21.maven-pom" value="" />
    <property name="ant.file" value="C:\Users\naste\Documents\NetBeans_projects\MyLib\build.xml" />
    <property name="libs.theme-default.classpath" value="C:\Program Files\NetBeans 6.1\visualweb2\modules\ext\defaulttheme.jar" />
    <property name="copyfiles.classpath" value="C:\Program Files\NetBeans 6.1\enterprise5\ant\extra\copyfiles.jar" />
    <property name="libs.junit_4.src" value="" />
    <property name="ant.file.MyLib" value="C:\Users\naste\Documents\NetBeans_projects\MyLib\build.xml" />
    <property name="do.jar" value="true" />
    <property name="java.io.tmpdir" value="C:\Users\naste\AppData\Local\Temp\" />
    <property name="build.test.results.dir" value="build/test/results" />
    <property name="user.language" value="en" />
    <property name="line.separator" value="
" />
    <property name="apple.laf.useScreenMenuBar" value="true" />
    <property name="libs.absolutelayout.src" value="" />
    <property name="javac.compilerargs" value="" />
    <property name="libs.webui.classpath" value="C:\Program Files\NetBeans 6.1\visualweb2\modules\ext\webui.jar;C:\Program Files\NetBeans 6.1\enterprise5\modules\ext\commons-fileupload-1.0.jar" />
    <property name="libs.woodstock-components.javadoc" value="C:\Program Files\NetBeans 6.1\visualweb2\docs\webui-jsf-doc.zip;C:\Program Files\NetBeans 6.1\visualweb2\docs\webui-jsf-tld.zip" />
    <property name="libs.jdbcsupport-runtime.src" value="" />
    <property name="libs.restapi.classpath" value="C:\Program Files\NetBeans 6.1\enterprise5\modules\ext\rest\jsr311-api.jar" />
    <property name="jar.compress" value="false" />
    <property name="javac.compilerargs.jaxws" value="" />
    <property name="libs.jdbcsupport-runtime.classpath" value="C:\Program Files\NetBeans 6.1\visualweb2\modules\ext\sqlx.jar" />
    <property name="java.vm.info" value="mixed mode" />
    <property name="libs.javac-api.maven-pom" value="" />
    <property name="libs.restlib.classpath" value="C:\Program Files\NetBeans 6.1\enterprise5\modules\ext\rest\jsr311-api.jar;C:\Program Files\NetBeans 6.1\enterprise5\modules\ext\rest\jersey.jar;C:\Program Files\NetBeans 6.1\enterprise5\modules\ext\rest\jsp-api-2.0-20040521.jar;C:\Program Files\NetBeans 6.1\enterprise5\modules\ext\rest\persistence-api-1.0.jar;C:\Program Files\NetBeans 6.1\java2\modules\ext\jaxws21\activation.jar;C:\Program Files\NetBeans 6.1\java2\modules\ext\jaxws21\api\jsr250-api.jar;C:\Program Files\NetBeans 6.1\enterprise5\modules\ext\rest\http.jar;C:\Program Files\NetBeans 6.1\enterprise5\modules\ext\rest\wadl2java.jar;C:\Program Files\NetBeans 6.1\java2\modules\ext\jaxws21\api\jaxws-api.jar;C:\Program Files\NetBeans 6.1\java2\modules\ext\jaxws21\api\jaxb-api.jar;C:\Program Files\NetBeans 6.1\java2\modules\ext\jaxws21\jaxb-impl.jar;C:\Program Files\NetBeans 6.1\java2\modules\ext\jaxws21\jaxb-xjc.jar;C:\Program Files\NetBeans 6.1\java2\modules\ext\jaxws21\api\jsr173_api.jar;C:\Program Files\NetBeans 6.1\enterprise5\modules\ext\rest\rome-0.9.jar;C:\Program Files\NetBeans 6.1\enterprise5\modules\ext\rest\jdom-1.0.jar;C:\Program Files\NetBeans 6.1\enterprise5\modules\ext\rest\jettison-1.0-RC1.jar;C:\Program Files\NetBeans 6.1\enterprise5\modules\ext\rest\asm-3.1.jar;C:\Program Files\NetBeans 6.1\enterprise5\modules\ext\rest\grizzly-http-webserver-1.7.2.jar" />
    <property name="javadoc.private" value="false" />
    <property name="sun.desktop" value="windows" />
    <property name="java.vm.specification.name" value="Java Virtual Machine Specification" />
    <property name="build.test.classes.dir" value="build/test/classes" />
    <property name="libs.theme-default-green.classpath" value="C:\Program Files\NetBeans 6.1\visualweb2\modules\ext\defaulttheme-green.jar" />
    <property name="jaxws.endorsed.dir" value="C:\Program Files\NetBeans 6.1\java2\modules\ext\jaxws21\api" />
    <property name="libs.MySQLDriver.javadoc" value="" />
    <property name="libs.spring-webmvc.classpath" value="C:\Program Files\NetBeans 6.1\enterprise5\modules\ext\spring\spring-webmvc-2.5.jar" />
    <property name="netbeans.dynamic.classpath" value="C:\Program Files\NetBeans 6.1\platform8\core\core.jar;C:\Program Files\NetBeans 6.1\platform8\core\org-openide-filesystems.jar;C:\Program Files\NetBeans 6.1\platform8\core\locale\core_ja.jar;C:\Program Files\NetBeans 6.1\platform8\core\locale\core_pt_BR.jar;C:\Program Files\NetBeans 6.1\platform8\core\locale\core_zh_CN.jar;C:\Program Files\NetBeans 6.1\platform8\core\locale\org-openide-filesystems_ja.jar;C:\Program Files\NetBeans 6.1\platform8\core\locale\org-openide-filesystems_pt_BR.jar;C:\Program Files\NetBeans 6.1\platform8\core\locale\org-openide-filesystems_zh_CN.jar;C:\Program Files\NetBeans 6.1\nb6.1\core\org-netbeans-upgrader.jar;C:\Program Files\NetBeans 6.1\nb6.1\core\locale\core_nb.jar;C:\Program Files\NetBeans 6.1\nb6.1\core\locale\core_nb_ja.jar;C:\Program Files\NetBeans 6.1\nb6.1\core\locale\core_nb_pt_BR.jar;C:\Program Files\NetBeans 6.1\nb6.1\core\locale\core_nb_zh_CN.jar;C:\Program Files\NetBeans 6.1\nb6.1\core\locale\org-netbeans-upgrader_ja.jar;C:\Program Files\NetBeans 6.1\nb6.1\core\locale\org-netbeans-upgrader_pt_BR.jar;C:\Program Files\NetBeans 6.1\nb6.1\core\locale\org-netbeans-upgrader_zh_CN.jar" />
    <property name="libs.beans-binding.javadoc" value="C:\Program Files\NetBeans 6.1\java2\docs\beansbinding-1.2.1-doc.zip" />
    <property name="libs.jdbcsupport-designtime.src" value="" />
    <property name="platform.active" value="default_platform" />
    <property name="javac.includes.binary" value="" />
    <property name="http.nonProxyHosts" value="localhost|127.0.0.1|DESKTOP-LQHPCT4" />
    <property name="libs.junit_4.javadoc" value="" />
    <property name="javac.includes" value="org/me/mylib/LibClassTest.java" />
    <property name="libs.spring-framework.src" value="" />
    <property name="libs.theme-default-gray.runtime" value="C:\Program Files\NetBeans 6.1\visualweb2\modules\ext\defaulttheme-gray.jar" />
    <property name="libs.beans-binding.maven-pom" value="" />
    <property name="javadoc.encoding" value="UTF-8" />
    <property name="java.awt.printerjob" value="sun.awt.windows.WPrinterJob" />
    <property name="ant.file.MyLib-impl" value="C:\Users\naste\Documents\NetBeans_projects\MyLib\nbproject\build-impl.xml" />
    <property name="libs.jsf12-support.classpath" value="C:\Program Files\NetBeans 6.1\visualweb2\modules\ext\jsfcl.jar;C:\Program Files\NetBeans 6.1\visualweb2\modules\ext\appbase.jar;C:\Program Files\NetBeans 6.1\visualweb2\modules\ext\dataprovider.jar;C:\Program Files\NetBeans 6.1\visualweb2\modules\ext\sqlx.jar" />
    <property name="dist.jar" value="dist/MyLib.jar" />
    <property name="meta.inf.dir" value="src/META-INF" />
    <property name="libs.struts.classpath" value="C:\Program Files\NetBeans 6.1\enterprise5\modules\ext\struts\antlr.jar;C:\Program Files\NetBeans 6.1\enterprise5\modules\ext\struts\commons-beanutils.jar;C:\Program Files\NetBeans 6.1\enterprise5\modules\ext\struts\commons-digester.jar;C:\Program Files\NetBeans 6.1\enterprise5\modules\ext\struts\commons-logging.jar;C:\Program Files\NetBeans 6.1\enterprise5\modules\ext\struts\commons-validator.jar;C:\Program Files\NetBeans 6.1\enterprise5\modules\ext\struts\jakarta-oro.jar;C:\Program Files\NetBeans 6.1\enterprise5\modules\ext\struts\struts.jar;C:\Program Files\NetBeans 6.1\enterprise5\modules\ext\commons-fileupload-1.0.jar" />
    <property name="ant.version" value="Apache Ant version 1.7.0 compiled on December 13 2006" />
    <property name="netbeans.home" value="C:\Program Files\NetBeans 6.1\platform8" />
    <property name="javadoc.nonavbar" value="false" />
    <property name="user.properties.file" value="C:\Users\naste\.netbeans\6.1\build.properties" />
    <property name="libs.toplink.classpath" value="C:\Program Files\NetBeans 6.1\java2\modules\ext\toplink\toplink-essentials.jar;C:\Program Files\NetBeans 6.1\java2\modules\ext\toplink\toplink-essentials-agent.jar" />
    <property name="netbeans.importclass" value="org.netbeans.upgrade.AutoUpgrade" />
    <property name="libs.jsf12.maven-pom" value="" />
    <property name="libs.exceptionhandler-runtime.classpath" value="C:\Program Files\NetBeans 6.1\visualweb2\modules\ext\errorhandler.jar" />
    <property name="libs.spring-framework.javadoc" value="" />
    <property name="libs.IdentityAntTasks.javadoc" value="" />
    <property name="libs.CopyLibs.maven-pom" value="" />
    <property name="build.generated.dir" value="build/generated" />
    <property name="netbeans.home+have.tests" value="true" />
    <property name="libs.restlib.javadoc" value="C:\Program Files\NetBeans 6.1\enterprise5\docs\jsr311-api-doc.zip" />
    <property name="os.name" value="Windows 8" />
    <property name="java.specification.vendor" value="Sun Microsystems Inc." />
    <property name="run.test.classpath" value=":build/classes:C:\Program Files\NetBeans 6.1\java2\modules\ext\junit-4.1.jar:build/test/classes" />
    <property name="libs.webui-runtime.classpath" value="C:\Program Files\NetBeans 6.1\visualweb2\modules\ext\webui.jar;C:\Program Files\NetBeans 6.1\enterprise5\modules\ext\commons-fileupload-1.0.jar" />
    <property name="libs.CopyLibs.src" value="" />
    <property name="java.vm.name" value="Java HotSpot(TM) 64-Bit Server VM" />
    <property name="libs.jaxb21.src" value="" />
    <property name="org.openide.version" value="deprecated" />
    <property name="libs.junit.classpath" value="C:\Program Files\NetBeans 6.1\java2\modules\ext\junit-3.8.2.jar" />
    <property name="libs.beans-binding.src" value="" />
    <property name="java.library.path" value="C:\Program Files\Java\jdk1.6.0_45\jre\bin;C:\Windows\Sun\Java\bin;C:\Windows\system32;C:\Windows;C:\Program Files (x86)\Common Files\Oracle\Java\javapath;C:\Windows\system32;C:\Windows;C:\Windows\System32\Wbem;C:\Windows\System32\WindowsPowerShell\v1.0\;C:\Windows\System32\OpenSSH\;C:\Program Files (x86)\GitExtensions\;C:\Program Files\Git\cmd;C:\Users\naste\AppData\Local\Microsoft\WindowsApps;;C:\Users\naste\AppData\Local\Programs\Microsoft VS Code\bin;." />
    <property name="libs.PostgreSQLDriver.javadoc" value="" />
    <property name="libs.webui.javadoc" value="C:\Program Files\NetBeans 6.1\visualweb2\docs\webui-doc.zip" />
    <property name="libs.toplink.javadoc" value="C:\Program Files\NetBeans 6.1\enterprise5\docs\javaee5-doc-api.zip" />
    <property name="libs.jsfsupport-designtime.javadoc" value="C:\Program Files\NetBeans 6.1\visualweb2\docs\appbase-doc.zip;C:\Program Files\NetBeans 6.1\visualweb2\docs\dataprovider-doc.zip;C:\Program Files\NetBeans 6.1\visualweb2\docs\jsfcl-doc.zip" />
    <property name="ant.java.version" value="1.6" />
    <property name="java.class.version" value="50.0" />
    <property name="javadoc.noindex" value="false" />
    <property name="basedir" value="C:\Users\naste\Documents\NetBeans_projects\MyLib" />
    <property name="sun.awt.exception.handler" value="org.netbeans.core.startup.TopLogging$AWTHandler" />
    <property name="javac.test.classpath" value=":build/classes:C:\Program Files\NetBeans 6.1\java2\modules\ext\junit-4.1.jar" />
    <property name="ant.home" value="C:\Program Files\NetBeans 6.1\java2\ant" />
    <property name="javadoc.splitindex" value="true" />
    <property name="libs.toplink.src" value="" />
    <property name="libs.javac-api.javadoc" value="" />
    <property name="javadoc.preview" value="true" />
    <property name="libs.MySQLDriver.maven-pom" value="" />
    <property name="rave.version" value="2.0.0" />
    <property name="libs.restapi.javadoc" value="C:\Program Files\NetBeans 6.1\enterprise5\docs\jsr311-api-doc.zip" />
    <property name="libs.CopyLibs.javadoc" value="" />
    <property name="libs.PostgreSQLDriver.classpath" value="C:\Program Files\NetBeans 6.1\ide9\modules\ext\postgresql-8.3-603.jdbc3.jar" />
    <property name="libs.jaxws21.maven-pom" value="" />
    <property name="libs.junit_4.classpath" value="C:\Program Files\NetBeans 6.1\java2\modules\ext\junit-4.1.jar" />
    <property name="libs.jdbcsupport-designtime.classpath" value="C:\Program Files\NetBeans 6.1\visualweb2\modules\ext\sqlx.jar" />
    <property name="sun.boot.library.path" value="C:\Program Files\Java\jdk1.6.0_45\jre\bin" />
    <property name="build.dir" value="build" />
    <property name="libs.spring-webmvc.src" value="" />
    <property name="libs.webui-designtime.src" value="C:\Program Files\NetBeans 6.1\visualweb2\docs\webui-src.zip" />
    <property name="application.title" value="MyLib" />
    <property name="libs.swing-app-framework.classpath" value="C:\Program Files\NetBeans 6.1\java2\modules\ext\appframework-1.0.3.jar;C:\Program Files\NetBeans 6.1\java2\modules\ext\swing-worker-1.1.jar" />
    <property name="sun.management.compiler" value="HotSpot 64-Bit Tiered Compilers" />
    <property name="user.variant" value="" />
    <property name="java.awt.graphicsenv" value="sun.awt.Win32GraphicsEnvironment" />
    <property name="javadoc.encoding.used" value="UTF-8" />
    <property name="javadoc.windowtitle" value="" />
    <property name="libs.jstl11.javadoc" value="C:\Program Files\NetBeans 6.1\enterprise5\docs\javaee5-doc-api.zip" />
    <property name="libs.IdentityAntTasks.src" value="" />
    <property name="run.jvmargs" value="" />
    <property name="build.compiler.emacs" value="true" />
    <property name="libs.jstl11.src" value="" />
    <property name="ant.project.name" value="MyLib" />
    <property name="libs.swing-layout.classpath" value="C:\Program Files\NetBeans 6.1\platform8\modules\ext\swing-layout-1.0.3.jar" />
    <property name="libs.spring-framework.classpath" value="C:\Program Files\NetBeans 6.1\java2\modules\ext\spring\commons-logging-1.1.jar;C:\Program Files\NetBeans 6.1\java2\modules\ext\spring\spring-2.5.jar" />
    <property name="libs.IdentityAntTasks.maven-pom" value="" />
    <property name="java.vm.specification.version" value="1.0" />
    <property name="work.dir" value="C:\Users\naste\Documents\NetBeans_projects\MyLib" />
    <property name="awt.toolkit" value="sun.awt.windows.WToolkit" />
    <property name="javadoc.use" value="true" />
    <property name="sun.cpu.isalist" value="amd64" />
    <property name="libs.exceptionhandler-runtime.src" value="" />
    <property name="java.ext.dirs" value="C:\Program Files\Java\jdk1.6.0_45\jre\lib\ext;C:\Windows\Sun\Java\lib\ext" />
    <property name="libs.jdbcsupport-runtime.javadoc" value="" />
    <property name="os.version" value="6.2" />
    <property name="excludes" value="" />
    <property name="libs.jstl11.classpath" value="C:\Program Files\NetBeans 6.1\enterprise5\modules\ext\standard.jar;C:\Program Files\NetBeans 6.1\enterprise5\modules\ext\jstl.jar" />
    <property name="user.home" value="C:\Users\naste" />
    <property name="libs.jaxb21.classpath" value="C:\Program Files\NetBeans 6.1\java2\modules\ext\jaxws21\activation.jar;C:\Program Files\NetBeans 6.1\java2\modules\ext\jaxws21\api\jaxb-api.jar;C:\Program Files\NetBeans 6.1\java2\modules\ext\jaxws21\jaxb-impl.jar;C:\Program Files\NetBeans 6.1\java2\modules\ext\jaxws21\jaxb-xjc.jar;C:\Program Files\NetBeans 6.1\java2\modules\ext\jaxws21\api\jsr173_api.jar" />
    <property name="org.xml.sax.driver" value="com.sun.org.apache.xerces.internal.jaxp.SAXParserImpl$JAXPSAXParser" />
    <property name="java.vm.vendor" value="Sun Microsystems Inc." />
    <property name="javax.xml.parsers.DocumentBuilderFactory" value="org.netbeans.core.startup.DOMFactoryImpl" />
    <property name="libs.struts.src" value="" />
    <property name="libs.absolutelayout.maven-pom" value="" />
    <property name="org.openide.TopManager.GUI" value="true" />
    <property name="user.dir" value="C:\Users\naste\Documents\NetBeans_projects\MyLib" />
    <property name="libs.jsf12.javadoc" value="C:\Program Files\NetBeans 6.1\enterprise5\docs\javaee5-doc-api.zip" />
    <property name="application.args" value="" />
    <property name="sun.cpu.endian" value="little" />
    <property name="libs.woodstock-components.src" value="C:\Program Files\NetBeans 6.1\visualweb2\docs\webui-jsf-src.zip" />
    <property name="libs.MySQLDriver.src" value="" />
    <property name="java.vm.version" value="20.45-b01" />
    <property name="libs.webui-designtime.classpath" value="C:\Program Files\NetBeans 6.1\visualweb2\modules\ext\webui.jar;C:\Program Files\NetBeans 6.1\enterprise5\modules\ext\commons-fileupload-1.0.jar" />
    <property name="java.class.path" value="C:\Users\naste\Documents\NetBeans_projects\MyLib\build\classes;C:\Program Files\NetBeans 6.1\java2\modules\ext\junit-4.1.jar;C:\Users\naste\Documents\NetBeans_projects\MyLib\build\test\classes;C:\Program Files\NetBeans 6.1\java2\ant\lib\ant-launcher.jar;C:\Program Files\NetBeans 6.1\java2\ant\lib\ant.jar;C:\Program Files\NetBeans 6.1\java2\ant\lib\ant-junit.jar" />
    <property name="javax.xml.parsers.SAXParserFactory" value="org.netbeans.core.startup.SAXFactoryImpl" />
    <property name="os.arch" value="amd64" />
    <property name="javac.deprecation" value="false" />
    <property name="libs.webui-designtime.javadoc" value="C:\Program Files\NetBeans 6.1\visualweb2\docs\webui-doc.zip" />
    <property name="libs.woodstock-theme-default.runtime" value="C:\Program Files\NetBeans 6.1\visualweb2\modules\ext\webui-jsf-suntheme.jar" />
    <property name="nbplatform.default.netbeans.dest.dir" value="C:\Program Files\NetBeans 6.1" />
    <property name="libs.theme-default.runtime" value="C:\Program Files\NetBeans 6.1\visualweb2\modules\ext\defaulttheme.jar" />
    <property name="build.classes.excludes" value="**/*.java,**/*.form" />
    <property name="dist.dir" value="dist" />
    <property name="debug.classpath" value=":build/classes" />
    <property name="netbeans.user" value="C:\Users\naste\.netbeans\6.1" />
    <property name="sun.java.launcher" value="SUN_STANDARD" />
    <property name="ant.core.lib" value="C:\Program Files\NetBeans 6.1\java2\ant\lib\ant.jar" />
    <property name="java.vm.specification.vendor" value="Sun Microsystems Inc." />
    <property name="libs.restapi.maven-pom" value="" />
    <property name="do.depend" value="false" />
    <property name="file.separator" value="\" />
    <property name="libs.jdbcsupport-runtime.maven-pom" value="" />
    <property name="java.runtime.version" value="1.6.0_45-b06" />
    <property name="sun.boot.class.path" value="C:\Program Files\Java\jdk1.6.0_45\jre\lib\resources.jar;C:\Program Files\Java\jdk1.6.0_45\jre\lib\rt.jar;C:\Program Files\Java\jdk1.6.0_45\jre\lib\sunrsasign.jar;C:\Program Files\Java\jdk1.6.0_45\jre\lib\jsse.jar;C:\Program Files\Java\jdk1.6.0_45\jre\lib\jce.jar;C:\Program Files\Java\jdk1.6.0_45\jre\lib\charsets.jar;C:\Program Files\Java\jdk1.6.0_45\jre\lib\modules\jdk.boot.jar;C:\Program Files\Java\jdk1.6.0_45\jre\classes" />
    <property name="debug.test.classpath" value=":build/classes:C:\Program Files\NetBeans 6.1\java2\modules\ext\junit-4.1.jar:build/test/classes" />
    <property name="libs.restlib.maven-pom" value="" />
    <property name="libs.theme-default-gray.classpath" value="C:\Program Files\NetBeans 6.1\visualweb2\modules\ext\defaulttheme-gray.jar" />
    <property name="libs.beans-binding.classpath" value="C:\Program Files\NetBeans 6.1\java2\modules\ext\beansbinding-1.2.1.jar" />
    <property name="have.tests" value="true" />
    <property name="test.includes" value="org/me/mylib/LibClassTest.java" />
    <property name="libs.spring-webmvc.maven-pom" value="" />
    <property name="libs.spring-webmvc.javadoc" value="" />
    <property name="java.util.logging.config.class" value="org.netbeans.core.startup.TopLogging" />
    <property name="libs.javac-api.classpath" value="C:\Program Files\NetBeans 6.1\java2\modules\ext\javac-api-nb-7.0-b07.jar" />
    <property name="user.country" value="US" />
    <property name="javadoc.notree" value="false" />
    <property name="libs.jsfsupport-designtime.classpath" value="C:\Program Files\NetBeans 6.1\visualweb2\modules\ext\jsfcl.jar;C:\Program Files\NetBeans 6.1\visualweb2\modules\ext\appbase.jar;C:\Program Files\NetBeans 6.1\visualweb2\modules\ext\dataprovider.jar;C:\Program Files\NetBeans 6.1\visualweb2\modules\ext\sqlx.jar" />
    <property name="libs.struts.javadoc" value="C:\Program Files\NetBeans 6.1\enterprise5\docs\struts-1.2.9-javadoc.zip" />
    <property name="libs.jaxws21.javadoc" value="C:\Program Files\NetBeans 6.1\java2\docs\jaxws-2_1-api-doc.zip" />
    <property name="libs.jsf12.classpath" value="C:\Program Files\NetBeans 6.1\enterprise5\modules\ext\jsf-1_2\commons-beanutils.jar;C:\Program Files\NetBeans 6.1\enterprise5\modules\ext\jsf-1_2\commons-collections.jar;C:\Program Files\NetBeans 6.1\enterprise5\modules\ext\jsf-1_2\commons-digester.jar;C:\Program Files\NetBeans 6.1\enterprise5\modules\ext\jsf-1_2\commons-logging.jar;C:\Program Files\NetBeans 6.1\enterprise5\modules\ext\jsf-1_2\jsf-api.jar;C:\Program Files\NetBeans 6.1\enterprise5\modules\ext\jsf-1_2\jsf-impl.jar" />
    <property name="default.javac.target" value="1.6" />
    <property name="javadoc.additionalparam" value="" />
    <property name="javac.classpath" value="" />
    <property name="build.classes.dir" value="build/classes" />
    <property name="libs.swing-layout.src" value="C:\Program Files\NetBeans 6.1\platform8\docs\swing-layout-1.0.3-src.zip" />
    <property name="libs.swing-layout.javadoc" value="C:\Program Files\NetBeans 6.1\platform8\docs\swing-layout-1.0.3-doc.zip" />
    <property name="java.vendor" value="Sun Microsystems Inc." />
    <property name="javac.target" value="1.5" />
    <property name="libs.theme-default-green.runtime" value="C:\Program Files\NetBeans 6.1\visualweb2\modules\ext\defaulttheme-green.jar" />
    <property name="libs.swing-app-framework.src" value="" />
    <property name="java.specification.version" value="1.6" />
    <property name="libs.struts.maven-pom" value="" />
    <property name="sun.arch.data.model" value="64" />
  </properties>
  <testcase classname="org.me.mylib.LibClassTest" name="testAcrostic" time="0.0070" />
  <system-out><![CDATA[]]></system-out>
  <system-err><![CDATA[Running testAcrostic...
]]></system-err>
</testsuite>
